This is pdfTeX, Version 3.141592653-2.6-1.40.25 (MiKTeX 23.4) (preloaded format=pdflatex 2023.9.10)  5 DEC 2023 18:33
entering extended mode
 restricted \write18 enabled.
 %&-line parsing enabled.
**./Lab_Report_2_Good_Copy_Highlighted.tex
(Lab_Report_2_Good_Copy_Highlighted.tex
LaTeX2e <2022-11-01> patch level 1
L3 programming layer <2023-03-30>
(C:\Users\eddie\AppData\Local\Programs\MiKTeX\tex/latex/base\article.cls
Document Class: article 2022/07/02 v1.4n Standard LaTeX document class
(C:\Users\eddie\AppData\Local\Programs\MiKTeX\tex/latex/base\size10.clo
File: size10.clo 2022/07/02 v1.4n Standard LaTeX file (size option)
)
\c@part=\count185
\c@section=\count186
\c@subsection=\count187
\c@subsubsection=\count188
\c@paragraph=\count189
\c@subparagraph=\count190
\c@figure=\count191
\c@table=\count192
\abovecaptionskip=\skip48
\belowcaptionskip=\skip49
\bibindent=\dimen140
)
(C:\Users\eddie\AppData\Local\Programs\MiKTeX\tex/latex/base\inputenc.sty
Package: inputenc 2021/02/14 v1.3d Input encoding file
\inpenc@prehook=\toks16
\inpenc@posthook=\toks17
)
(C:\Users\eddie\AppData\Local\Programs\MiKTeX\tex/latex/amsmath\amsmath.sty
Package: amsmath 2022/04/08 v2.17n AMS math features
\@mathmargin=\skip50

For additional information on amsmath, use the `?' option.
(C:\Users\eddie\AppData\Local\Programs\MiKTeX\tex/latex/amsmath\amstext.sty
Package: amstext 2021/08/26 v2.01 AMS text

(C:\Users\eddie\AppData\Local\Programs\MiKTeX\tex/latex/amsmath\amsgen.sty
File: amsgen.sty 1999/11/30 v2.0 generic functions
\@emptytoks=\toks18
\ex@=\dimen141
))
(C:\Users\eddie\AppData\Local\Programs\MiKTeX\tex/latex/amsmath\amsbsy.sty
Package: amsbsy 1999/11/29 v1.2d Bold Symbols
\pmbraise@=\dimen142
)
(C:\Users\eddie\AppData\Local\Programs\MiKTeX\tex/latex/amsmath\amsopn.sty
Package: amsopn 2022/04/08 v2.04 operator names
)
\inf@bad=\count193
LaTeX Info: Redefining \frac on input line 234.
\uproot@=\count194
\leftroot@=\count195
LaTeX Info: Redefining \overline on input line 399.
LaTeX Info: Redefining \colon on input line 410.
\classnum@=\count196
\DOTSCASE@=\count197
LaTeX Info: Redefining \ldots on input line 496.
LaTeX Info: Redefining \dots on input line 499.
LaTeX Info: Redefining \cdots on input line 620.
\Mathstrutbox@=\box51
\strutbox@=\box52
LaTeX Info: Redefining \big on input line 722.
LaTeX Info: Redefining \Big on input line 723.
LaTeX Info: Redefining \bigg on input line 724.
LaTeX Info: Redefining \Bigg on input line 725.
\big@size=\dimen143
LaTeX Font Info:    Redeclaring font encoding OML on input line 743.
LaTeX Font Info:    Redeclaring font encoding OMS on input line 744.
\macc@depth=\count198
LaTeX Info: Redefining \bmod on input line 905.
LaTeX Info: Redefining \pmod on input line 910.
LaTeX Info: Redefining \smash on input line 940.
LaTeX Info: Redefining \relbar on input line 970.
LaTeX Info: Redefining \Relbar on input line 971.
\c@MaxMatrixCols=\count199
\dotsspace@=\muskip16
\c@parentequation=\count266
\dspbrk@lvl=\count267
\tag@help=\toks19
\row@=\count268
\column@=\count269
\maxfields@=\count270
\andhelp@=\toks20
\eqnshift@=\dimen144
\alignsep@=\dimen145
\tagshift@=\dimen146
\tagwidth@=\dimen147
\totwidth@=\dimen148
\lineht@=\dimen149
\@envbody=\toks21
\multlinegap=\skip51
\multlinetaggap=\skip52
\mathdisplay@stack=\toks22
LaTeX Info: Redefining \[ on input line 2953.
LaTeX Info: Redefining \] on input line 2954.
)
(C:\Users\eddie\AppData\Local\Programs\MiKTeX\tex/latex/amsfonts\amsfonts.sty
Package: amsfonts 2013/01/14 v3.01 Basic AMSFonts support
\symAMSa=\mathgroup4
\symAMSb=\mathgroup5
LaTeX Font Info:    Redeclaring math symbol \hbar on input line 98.
LaTeX Font Info:    Overwriting math alphabet `\mathfrak' in version `bold'
(Font)                  U/euf/m/n --> U/euf/b/n on input line 106.
)
(C:\Users\eddie\AppData\Local\Programs\MiKTeX\tex/latex/amsfonts\amssymb.sty
Package: amssymb 2013/01/14 v3.01 AMS font symbols
)
(C:\Users\eddie\AppData\Local\Programs\MiKTeX\tex/latex/graphics\graphicx.sty
Package: graphicx 2021/09/16 v1.2d Enhanced LaTeX Graphics (DPC,SPQR)

(C:\Users\eddie\AppData\Local\Programs\MiKTeX\tex/latex/graphics\keyval.sty
Package: keyval 2022/05/29 v1.15 key=value parser (DPC)
\KV@toks@=\toks23
)
(C:\Users\eddie\AppData\Local\Programs\MiKTeX\tex/latex/graphics\graphics.sty
Package: graphics 2022/03/10 v1.4e Standard LaTeX Graphics (DPC,SPQR)

(C:\Users\eddie\AppData\Local\Programs\MiKTeX\tex/latex/graphics\trig.sty
Package: trig 2021/08/11 v1.11 sin cos tan (DPC)
)
(C:\Users\eddie\AppData\Local\Programs\MiKTeX\tex/latex/graphics-cfg\graphics.c
fg
File: graphics.cfg 2016/06/04 v1.11 sample graphics configuration
)
Package graphics Info: Driver file: pdftex.def on input line 107.

(C:\Users\eddie\AppData\Local\Programs\MiKTeX\tex/latex/graphics-def\pdftex.def
File: pdftex.def 2022/09/22 v1.2b Graphics/color driver for pdftex
))
\Gin@req@height=\dimen150
\Gin@req@width=\dimen151
)
(C:\Users\eddie\AppData\Local\Programs\MiKTeX\tex/latex/booktabs\booktabs.sty
Package: booktabs 2020/01/12 v1.61803398 Publication quality tables
\heavyrulewidth=\dimen152
\lightrulewidth=\dimen153
\cmidrulewidth=\dimen154
\belowrulesep=\dimen155
\belowbottomsep=\dimen156
\aboverulesep=\dimen157
\abovetopsep=\dimen158
\cmidrulesep=\dimen159
\cmidrulekern=\dimen160
\defaultaddspace=\dimen161
\@cmidla=\count271
\@cmidlb=\count272
\@aboverulesep=\dimen162
\@belowrulesep=\dimen163
\@thisruleclass=\count273
\@lastruleclass=\count274
\@thisrulewidth=\dimen164
)
(C:\Users\eddie\AppData\Local\Programs\MiKTeX\tex/latex/tools\multicol.sty
Package: multicol 2021/11/30 v1.9d multicolumn formatting (FMi)
\c@tracingmulticols=\count275
\mult@box=\box53
\multicol@leftmargin=\dimen165
\c@unbalance=\count276
\c@collectmore=\count277
\doublecol@number=\count278
\multicoltolerance=\count279
\multicolpretolerance=\count280
\full@width=\dimen166
\page@free=\dimen167
\premulticols=\dimen168
\postmulticols=\dimen169
\multicolsep=\skip53
\multicolbaselineskip=\skip54
\partial@page=\box54
\last@line=\box55
\maxbalancingoverflow=\dimen170
\mult@rightbox=\box56
\mult@grightbox=\box57
\mult@firstbox=\box58
\mult@gfirstbox=\box59
\@tempa=\box60
\@tempa=\box61
\@tempa=\box62
\@tempa=\box63
\@tempa=\box64
\@tempa=\box65
\@tempa=\box66
\@tempa=\box67
\@tempa=\box68
\@tempa=\box69
\@tempa=\box70
\@tempa=\box71
\@tempa=\box72
\@tempa=\box73
\@tempa=\box74
\@tempa=\box75
\@tempa=\box76
\@tempa=\box77
\@tempa=\box78
\@tempa=\box79
\@tempa=\box80
\@tempa=\box81
\@tempa=\box82
\@tempa=\box83
\@tempa=\box84
\@tempa=\box85
\@tempa=\box86
\@tempa=\box87
\@tempa=\box88
\@tempa=\box89
\@tempa=\box90
\@tempa=\box91
\@tempa=\box92
\@tempa=\box93
\@tempa=\box94
\@tempa=\box95
\c@minrows=\count281
\c@columnbadness=\count282
\c@finalcolumnbadness=\count283
\last@try=\dimen171
\multicolovershoot=\dimen172
\multicolundershoot=\dimen173
\mult@nat@firstbox=\box96
\colbreak@box=\box97
\mc@col@check@num=\count284
)
(C:\Users\eddie\AppData\Local\Programs\MiKTeX\tex/generic/soul\soul.sty
Package: soul 2023-06-14 v3.1 Permit use of UTF-8 characters in soul (HO)

(C:\Users\eddie\AppData\Local\Programs\MiKTeX\tex/generic/soul\soul-ori.sty
Package: soul-ori 2023-06-14 v3.1 letterspacing/underlining (mf)
\SOUL@word=\toks24
\SOUL@lasttoken=\toks25
\SOUL@syllable=\toks26
\SOUL@cmds=\toks27
\SOUL@buffer=\toks28
\SOUL@token=\toks29
\SOUL@syllgoal=\dimen174
\SOUL@syllwidth=\dimen175
\SOUL@charkern=\dimen176
\SOUL@hyphkern=\dimen177
\SOUL@dimen=\dimen178
\SOUL@dimeni=\dimen179
\SOUL@minus=\count285
\SOUL@comma=\count286
\SOUL@apo=\count287
\SOUL@grave=\count288
\SOUL@spaceskip=\skip55
\SOUL@ttwidth=\dimen180
\SOUL@uldp=\dimen181
\SOUL@ulht=\dimen182
)
(C:\Users\eddie\AppData\Local\Programs\MiKTeX\tex/generic/infwarerr\infwarerr.s
ty
Package: infwarerr 2019/12/03 v1.5 Providing info/warning/error messages (HO)
)
(C:\Users\eddie\AppData\Local\Programs\MiKTeX\tex/generic/etexcmds\etexcmds.sty
Package: etexcmds 2019/12/15 v1.7 Avoid name clashes with e-TeX commands (HO)
(C:\Users\eddie\AppData\Local\Programs\MiKTeX\tex/generic/iftex\iftex.sty
Package: iftex 2022/02/03 v1.0f TeX engine tests
)))
(C:\Users\eddie\AppData\Local\Programs\MiKTeX\tex/latex/graphics\color.sty
Package: color 2022/01/06 v1.3d Standard LaTeX Color (DPC)

(C:\Users\eddie\AppData\Local\Programs\MiKTeX\tex/latex/graphics-cfg\color.cfg
File: color.cfg 2016/01/02 v1.6 sample color configuration
)
Package color Info: Driver file: pdftex.def on input line 149.
(C:\Users\eddie\AppData\Local\Programs\MiKTeX\tex/latex/graphics\mathcolor.ltx)
) (C:\Users\eddie\AppData\Local\Programs\MiKTeX\tex/latex/lipsum\lipsum.sty
(C:\Users\eddie\AppData\Local\Programs\MiKTeX\tex/latex/l3packages/l3keys2e\l3k
eys2e.sty
(C:\Users\eddie\AppData\Local\Programs\MiKTeX\tex/latex/l3kernel\expl3.sty
Package: expl3 2023-03-30 L3 programming layer (loader) 

(C:\Users\eddie\AppData\Local\Programs\MiKTeX\tex/latex/l3backend\l3backend-pdf
tex.def
File: l3backend-pdftex.def 2023-03-30 L3 backend support: PDF output (pdfTeX)
\l__color_backend_stack_int=\count289
\l__pdf_internal_box=\box98
))
Package: l3keys2e 2023-02-02 LaTeX2e option processing using LaTeX3 keys
)
Package: lipsum 2021-09-20 v2.7 150 paragraphs of Lorem Ipsum dummy text
\g__lipsum_par_int=\count290
\l__lipsum_a_int=\count291
\l__lipsum_b_int=\count292

(C:\Users\eddie\AppData\Local\Programs\MiKTeX\tex/latex/lipsum\lipsum.ltd.tex))
(C:\Users\eddie\AppData\Local\Programs\MiKTeX\tex/latex/geometry\geometry.sty
Package: geometry 2020/01/02 v5.9 Page Geometry

(C:\Users\eddie\AppData\Local\Programs\MiKTeX\tex/generic/iftex\ifvtex.sty
Package: ifvtex 2019/10/25 v1.7 ifvtex legacy package. Use iftex instead.
)
\Gm@cnth=\count293
\Gm@cntv=\count294
\c@Gm@tempcnt=\count295
\Gm@bindingoffset=\dimen183
\Gm@wd@mp=\dimen184
\Gm@odd@mp=\dimen185
\Gm@even@mp=\dimen186
\Gm@layoutwidth=\dimen187
\Gm@layoutheight=\dimen188
\Gm@layouthoffset=\dimen189
\Gm@layoutvoffset=\dimen190
\Gm@dimlist=\toks30

(C:\Users\eddie\AppData\Local\Programs\MiKTeX\tex/latex/geometry\geometry.cfg))
\c@theorem=\count296
\c@corollary=\count297
\c@proof=\count298
(Lab_Report_2_Good_Copy_Highlighted.aux

LaTeX Warning: Label `fig_angle' multiply defined.


LaTeX Warning: Label `fig_angle' multiply defined.


LaTeX Warning: Label `fig_angle' multiply defined.


LaTeX Warning: Label `length' multiply defined.

)
\openout1 = `Lab_Report_2_Good_Copy_Highlighted.aux'.

LaTeX Font Info:    Checking defaults for OML/cmm/m/it on input line 22.
LaTeX Font Info:    ... okay on input line 22.
LaTeX Font Info:    Checking defaults for OMS/cmsy/m/n on input line 22.
LaTeX Font Info:    ... okay on input line 22.
LaTeX Font Info:    Checking defaults for OT1/cmr/m/n on input line 22.
LaTeX Font Info:    ... okay on input line 22.
LaTeX Font Info:    Checking defaults for T1/cmr/m/n on input line 22.
LaTeX Font Info:    ... okay on input line 22.
LaTeX Font Info:    Checking defaults for TS1/cmr/m/n on input line 22.
LaTeX Font Info:    ... okay on input line 22.
LaTeX Font Info:    Checking defaults for OMX/cmex/m/n on input line 22.
LaTeX Font Info:    ... okay on input line 22.
LaTeX Font Info:    Checking defaults for U/cmr/m/n on input line 22.
LaTeX Font Info:    ... okay on input line 22.

(C:\Users\eddie\AppData\Local\Programs\MiKTeX\tex/context/base/mkii\supp-pdf.mk
ii
[Loading MPS to PDF converter (version 2006.09.02).]
\scratchcounter=\count299
\scratchdimen=\dimen191
\scratchbox=\box99
\nofMPsegments=\count300
\nofMParguments=\count301
\everyMPshowfont=\toks31
\MPscratchCnt=\count302
\MPscratchDim=\dimen192
\MPnumerator=\count303
\makeMPintoPDFobject=\count304
\everyMPtoPDFconversion=\toks32
)
(C:\Users\eddie\AppData\Local\Programs\MiKTeX\tex/latex/epstopdf-pkg\epstopdf-b
ase.sty
Package: epstopdf-base 2020-01-24 v2.11 Base part for package epstopdf
Package epstopdf-base Info: Redefining graphics rule for `.eps' on input line 4
85.

(C:\Users\eddie\AppData\Local\Programs\MiKTeX\tex/latex/00miktex\epstopdf-sys.c
fg
File: epstopdf-sys.cfg 2021/03/18 v2.0 Configuration of epstopdf for MiKTeX
))
*geometry* driver: auto-detecting
*geometry* detected driver: pdftex
*geometry* verbose mode - [ preamble ] result:
* driver: pdftex
* paper: a4paper
* layout: <same size as paper>
* layoutoffset:(h,v)=(0.0pt,0.0pt)
* modes: 
* h-part:(L,W,R)=(81.94394pt, 433.62pt, 81.94394pt)
* v-part:(T,H,B)=(106.75473pt, 578.15999pt, 160.13213pt)
* \paperwidth=597.50787pt
* \paperheight=845.04684pt
* \textwidth=433.62pt
* \textheight=578.15999pt
* \oddsidemargin=9.67395pt
* \evensidemargin=9.67395pt
* \topmargin=-2.51526pt
* \headheight=12.0pt
* \headsep=25.0pt
* \topskip=10.0pt
* \footskip=30.0pt
* \marginparwidth=65.0pt
* \marginparsep=11.0pt
* \columnsep=10.0pt
* \skip\footins=9.0pt plus 4.0pt minus 2.0pt
* \hoffset=0.0pt
* \voffset=0.0pt
* \mag=1000
* \@twocolumnfalse
* \@twosidefalse
* \@mparswitchfalse
* \@reversemarginfalse
* (1in=72.27pt=25.4mm, 1cm=28.453pt)

LaTeX Font Info:    Trying to load font information for U+msa on input line 24.

(C:\Users\eddie\AppData\Local\Programs\MiKTeX\tex/latex/amsfonts\umsa.fd
File: umsa.fd 2013/01/14 v3.01 AMS symbols A
)
LaTeX Font Info:    Trying to load font information for U+msb on input line 24.


(C:\Users\eddie\AppData\Local\Programs\MiKTeX\tex/latex/amsfonts\umsb.fd
File: umsb.fd 2013/01/14 v3.01 AMS symbols B
)
<experimental_setup_pendulum.jpg, id=1, 4015.0pt x 2258.4375pt>
File: experimental_setup_pendulum.jpg Graphic file (type jpg)
<use experimental_setup_pendulum.jpg>
Package pdftex.def Info: experimental_setup_pendulum.jpg  used on input line 50
.
(pdftex.def)             Requested size: 100.35025pt x 56.447pt.

[1

{C:/Users/eddie/AppData/Local/MiKTeX/fonts/map/pdftex/pdftex.map}] [2 <./experi
mental_setup_pendulum.jpg>]
<fig_angle.png, id=19, 1138.2525pt x 504.38437pt>
File: fig_angle.png Graphic file (type png)
<use fig_angle.png>
Package pdftex.def Info: fig_angle.png  used on input line 85.
(pdftex.def)             Requested size: 318.70853pt x 141.22665pt.
<Pendulum_Decay_Chart1.png, id=21, 576.65437pt x 318.18875pt>
File: Pendulum_Decay_Chart1.png Graphic file (type png)
<use Pendulum_Decay_Chart1.png>
Package pdftex.def Info: Pendulum_Decay_Chart1.png  used on input line 101.
(pdftex.def)             Requested size: 230.65765pt x 127.27324pt.

Overfull \hbox (13.84766pt too wide) in paragraph at lines 101--102
 [][] 
 []

<Pendulum_Decay_Chart2.png, id=22, 581.17125pt x 322.70563pt>
File: Pendulum_Decay_Chart2.png Graphic file (type png)
<use Pendulum_Decay_Chart2.png>
Package pdftex.def Info: Pendulum_Decay_Chart2.png  used on input line 107.
(pdftex.def)             Requested size: 290.58492pt x 161.35242pt.

Overfull \hbox (73.77492pt too wide) in paragraph at lines 107--108
 [][] 
 []


LaTeX Warning: `h' float specifier changed to `ht'.

[3 <./fig_angle.png>] [4 <./Pendulum_Decay_Chart1.png> <./Pendulum_Decay_Chart2
.png>]
<Pendulum_Length_Image.png, id=35, 736.7525pt x 498.86375pt>
File: Pendulum_Length_Image.png Graphic file (type png)
<use Pendulum_Length_Image.png>
Package pdftex.def Info: Pendulum_Length_Image.png  used on input line 161.
(pdftex.def)             Requested size: 221.02745pt x 149.66028pt.
 [5 <./Pendulum_Length_Image.png>]
<Q_Factor_Length.png, id=40, 738.25812pt x 503.38063pt>
File: Q_Factor_Length.png Graphic file (type png)
<use Q_Factor_Length.png>
Package pdftex.def Info: Q_Factor_Length.png  used on input line 173.
(pdftex.def)             Requested size: 221.47914pt x 151.01535pt.
 [6 <./Q_Factor_Length.png>]
Overfull \hbox (56.71423pt too wide) in paragraph at lines 193--196
[]\OT1/cmr/m/n/10 [1][] [][][]Tracker.[] [][][]Tracker[] [][][]Video[] [][][]An
al[]-[]y[]-[]sis[] [][][]and[] [][][]Mod[]-[]el[]-[]ing[] [][][]Tool[] [][][]fo
r[] [][][]Physics[] [][][]Ed[]-[]u[]-[]ca[]-[]tion.[] [][][](n.d.).[] [][][]htt
ps://physlets.org/tracker/[]
 []

[7] (Lab_Report_2_Good_Copy_Highlighted.aux)

LaTeX Warning: There were multiply-defined labels.

 ) 
Here is how much of TeX's memory you used:
 4270 strings out of 476331
 72149 string characters out of 5787765
 1951660 words of memory out of 5000000
 24637 multiletter control sequences out of 15000+600000
 521168 words of font info for 66 fonts, out of 8000000 for 9000
 1141 hyphenation exceptions out of 8191
 72i,9n,77p,1458b,1004s stack positions out of 10000i,1000n,20000p,200000b,200000s
<C:/Users/eddie/AppData/Local/Programs/MiKTeX/fonts/type1/public/amsfonts/cm/
cmbx10.pfb><C:/Users/eddie/AppData/Local/Programs/MiKTeX/fonts/type1/public/ams
fonts/cm/cmbx12.pfb><C:/Users/eddie/AppData/Local/Programs/MiKTeX/fonts/type1/p
ublic/amsfonts/cm/cmbxti10.pfb><C:/Users/eddie/AppData/Local/Programs/MiKTeX/fo
nts/type1/public/amsfonts/cm/cmmi10.pfb><C:/Users/eddie/AppData/Local/Programs/
MiKTeX/fonts/type1/public/amsfonts/cm/cmmi7.pfb><C:/Users/eddie/AppData/Local/P
rograms/MiKTeX/fonts/type1/public/amsfonts/cm/cmr10.pfb><C:/Users/eddie/AppData
/Local/Programs/MiKTeX/fonts/type1/public/amsfonts/cm/cmr12.pfb><C:/Users/eddie
/AppData/Local/Programs/MiKTeX/fonts/type1/public/amsfonts/cm/cmr17.pfb><C:/Use
rs/eddie/AppData/Local/Programs/MiKTeX/fonts/type1/public/amsfonts/cm/cmr7.pfb>
<C:/Users/eddie/AppData/Local/Programs/MiKTeX/fonts/type1/public/amsfonts/cm/cm
sy10.pfb><C:/Users/eddie/AppData/Local/Programs/MiKTeX/fonts/type1/public/amsfo
nts/cm/cmsy7.pfb><C:/Users/eddie/AppData/Local/Programs/MiKTeX/fonts/type1/publ
ic/amsfonts/cm/cmti10.pfb><C:/Users/eddie/AppData/Local/Programs/MiKTeX/fonts/t
ype1/public/amsfonts/symbols/msam10.pfb>
Output written on Lab_Report_2_Good_Copy_Highlighted.pdf (7 pages, 3171471 byte
s).
PDF statistics:
 103 PDF objects out of 1000 (max. 8388607)
 0 named destinations out of 1000 (max. 500000)
 31 words of extra memory for PDF output out of 10000 (max. 10000000)

